{"level":"error"}
{"level":"error"}
{"level":"error"}
{"level":"error"}
{"level":"error"}
{"level":"error"}
{"level":"error"}
{"level":"error"}
{"level":"error"}
{"level":"error"}
{"level":"error"}
{"level":"error"}
{"level":"error"}
{"level":"error"}
{"level":"error"}
{"level":"error"}
{"level":"error"}
{"level":"error"}
{"level":"error"}
{"level":"error"}
{"level":"error"}
{"level":"error"}
{"level":"error"}
{"kind":"ObjectId","level":"error","path":"_id","reason":{},"stringValue":"\"mcaamano@deercrypto.com\"","value":"mcaamano@deercrypto.com","valueType":"string"}
{"kind":"ObjectId","level":"error","path":"_id","reason":{},"stringValue":"\"mcaamano@deercrypto.com\"","value":"mcaamano@deercrypto.com","valueType":"string"}
{"kind":"ObjectId","level":"error","path":"_id","reason":{},"stringValue":"\"mcaamano@deercrypto.com\"","value":"mcaamano@deercrypto.com","valueType":"string"}
{"kind":"ObjectId","level":"error","path":"_id","reason":{},"stringValue":"\"mcaamano@deercrypto.com\"","value":"mcaamano@deercrypto.com","valueType":"string"}
{"kind":"ObjectId","level":"error","path":"_id","reason":{},"stringValue":"\"mcaamano@deercrypto.com\"","value":"mcaamano@deercrypto.com","valueType":"string"}
{"kind":"ObjectId","level":"error","path":"_id","reason":{},"stringValue":"\"mcaamano@deercrypto.com\"","value":"mcaamano@deercrypto.com","valueType":"string"}
{"kind":"ObjectId","level":"error","path":"_id","reason":{},"stringValue":"\"mcaamano@deercrypto.com\"","value":"mcaamano@deercrypto.com","valueType":"string"}
{"kind":"ObjectId","level":"error","path":"_id","reason":{},"stringValue":"\"mcaamano@deercrypto.com\"","value":"mcaamano@deercrypto.com","valueType":"string"}
{"kind":"ObjectId","level":"error","path":"_id","reason":{},"stringValue":"\"mcaamano@deercrypto.com\"","value":"mcaamano@deercrypto.com","valueType":"string"}
{"kind":"ObjectId","level":"error","path":"_id","reason":{},"stringValue":"\"mcaamano@deercrypto.com\"","value":"mcaamano@deercrypto.com","valueType":"string"}
{"kind":"ObjectId","level":"error","path":"_id","reason":{},"stringValue":"\"mcaamano@deercrypto.com\"","value":"mcaamano@deercrypto.com","valueType":"string"}
{"kind":"ObjectId","level":"error","path":"_id","reason":{},"stringValue":"\"mcaamano@deercrypto.com\"","value":"mcaamano@deercrypto.com","valueType":"string"}
{"kind":"ObjectId","level":"error","path":"_id","reason":{},"stringValue":"\"mcaamano@deercrypto.com\"","value":"mcaamano@deercrypto.com","valueType":"string"}
{"kind":"ObjectId","level":"error","path":"_id","reason":{},"stringValue":"\"mcaamano@deercrypto.com\"","value":"mcaamano@deercrypto.com","valueType":"string"}
{"kind":"ObjectId","level":"error","path":"_id","reason":{},"stringValue":"\"mcaamano@deercrypto.com\"","value":"mcaamano@deercrypto.com","valueType":"string"}
{"kind":"ObjectId","level":"error","path":"_id","reason":{},"stringValue":"\"mcaamano@deercrypto.com\"","value":"mcaamano@deercrypto.com","valueType":"string"}
{"kind":"ObjectId","level":"error","path":"_id","reason":{},"stringValue":"\"mcaamano@deercrypto.com\"","value":"mcaamano@deercrypto.com","valueType":"string"}
{"level":"error"}
{"level":"error"}
{"level":"error"}
{"level":"error"}
{"level":"error"}
{"level":"error"}
{"level":"error"}
{"level":"error"}
{"level":"error"}
{"level":"error"}
{"level":"error"}
{"level":"error"}
{"level":"error"}
{"level":"error"}
{"level":"error"}
{"level":"error"}
{"level":"error"}
{"level":"error"}
{"level":"error"}
{"level":"error"}
{"level":"error"}
{"level":"error"}
{"level":"error"}
{"level":"error"}
{"level":"error"}
{"level":"error"}
{"level":"error"}
{"level":"error"}
{"level":"error"}
{"level":"error"}
{"level":"error"}
{"level":"error"}
{"level":"error"}
{"level":"error"}
{"level":"error"}
{"level":"error"}
{"level":"error"}
{"level":"error"}
{"level":"error"}
{"level":"error"}
{"level":"error"}
{"level":"error"}
{"level":"error"}
{"level":"error"}
{"level":"error"}
{"level":"error"}
{"level":"error"}
{"level":"error"}
{"level":"error"}
{"level":"error"}
{"level":"error"}
{"level":"error"}
{"level":"error"}
{"level":"error"}
{"level":"error"}
{"code":"ERR_INVALID_CALLBACK","level":"error"}
{"code":"ERR_INVALID_CALLBACK","level":"error"}
{"code":"ERR_INVALID_CALLBACK","level":"error"}
{"code":"ERR_INVALID_CALLBACK","level":"error"}
{"code":"ERR_INVALID_CALLBACK","level":"error"}
{"code":"ERR_INVALID_CALLBACK","level":"error"}
{"code":"ERR_INVALID_CALLBACK","level":"error"}
{"code":"ERR_INVALID_CALLBACK","level":"error"}
{"code":"ERR_INVALID_CALLBACK","level":"error"}
{"code":"ERR_INVALID_CALLBACK","level":"error"}
{"code":"ERR_INVALID_CALLBACK","level":"error"}
{"code":"ERR_INVALID_CALLBACK","level":"error"}
{"level":"error"}
{"level":"error"}
{"level":"error"}
{"level":"error"}
{"level":"error"}
{"level":"error"}
{"level":"error"}
{"level":"error"}
{"level":"error"}
{"level":"error"}
{"level":"error"}
{"level":"error"}
{"level":"error"}
{"level":"error"}
{"level":"error"}
{"level":"error"}
{"level":"error"}
{"level":"error"}
{"level":"error"}
{"level":"error"}
{"level":"error"}
{"level":"error"}
{"level":"error"}
{"level":"error"}
{"level":"error"}
{"level":"error"}
{"level":"error"}
{"level":"error"}
{"level":"error"}
{"level":"error"}
{"level":"error"}
{"level":"error"}
{"level":"error"}
{"level":"error"}
{"level":"error"}
{"level":"error"}
{"level":"error"}
{"level":"error"}
{"level":"error"}
{"level":"error"}
{"level":"error"}
{"level":"error"}
{"level":"error"}
{"level":"error"}
{"level":"error"}
{"level":"error"}
{"level":"error"}
{"level":"error"}
{"level":"error"}
{"level":"error"}
{"level":"error"}
{"level":"error"}
{"level":"error"}
{"level":"error"}
{"level":"error"}
{"level":"error"}
{"level":"error"}
{"level":"error"}
{"level":"error"}
{"level":"error"}
{"level":"error"}
{"code":"ERR_INVALID_CALLBACK","level":"error"}
{"level":"error"}
{"code":"ERR_INVALID_CALLBACK","level":"error"}
{"code":"ERR_INVALID_CALLBACK","level":"error"}
{"code":"ERR_INVALID_CALLBACK","level":"error"}
{"code":"ERR_INVALID_CALLBACK","level":"error"}
{"code":"ERR_INVALID_CALLBACK","level":"error"}
{"code":"ERR_INVALID_CALLBACK","level":"error"}
{"code":"ERR_INVALID_CALLBACK","level":"error"}
{"code":"ERR_INVALID_CALLBACK","level":"error"}
{"code":"ERR_INVALID_CALLBACK","level":"error"}
{"code":"ERR_INVALID_CALLBACK","level":"error"}
{"code":"ERR_INVALID_CALLBACK","level":"error"}
{"level":"error"}
{"code":"ERR_INVALID_CALLBACK","level":"error"}
{"code":"ERR_INVALID_CALLBACK","level":"error"}
{"code":"ERR_INVALID_CALLBACK","level":"error"}
{"code":"ERR_INVALID_CALLBACK","level":"error"}
{"code":"ERR_INVALID_CALLBACK","level":"error"}
{"code":"ERR_INVALID_CALLBACK","level":"error"}
{"code":"ERR_INVALID_CALLBACK","level":"error"}
{"code":"ERR_INVALID_CALLBACK","level":"error"}
{"code":"ERR_INVALID_CALLBACK","level":"error"}
{"level":"error"}
{"code":"ERR_INVALID_CALLBACK","level":"error"}
{"code":"ERR_INVALID_CALLBACK","level":"error"}
{"code":"ERR_INVALID_CALLBACK","level":"error"}
{"code":"ERR_INVALID_CALLBACK","level":"error"}
{"level":"error"}
{"code":"ERR_INVALID_CALLBACK","level":"error"}
{"level":"error"}
{"code":"ERR_INVALID_CALLBACK","level":"error"}
{"level":"error"}
{"code":"ERR_INVALID_CALLBACK","level":"error"}
{"kind":"ObjectId","level":"error","path":"_id","reason":{},"stringValue":"\"undefined\"","value":"undefined","valueType":"string"}
{"code":11000,"index":0,"keyPattern":{"title":1},"keyValue":{"title":"Motherboard Para Mineria Z590 Btc Duo 12 Gpu Placas Pcreg"},"level":"error"}
{"code":11000,"index":0,"keyPattern":{"title":1},"keyValue":{"title":"Motherboard Para Mineria Z590 Btc Duo 12 Gpu Placas Pcreg"},"level":"error"}
{"kind":"ObjectId","level":"error","path":"_id","reason":{},"stringValue":"\"undefined\"","value":"undefined","valueType":"string"}
{"code":11000,"index":0,"keyPattern":{"title":1},"keyValue":{"title":"Motherboard Para Mineria Z590 Btc Duo 12 Gpu Placas Pcreg"},"level":"error"}
{"kind":"ObjectId","level":"error","path":"_id","reason":{},"stringValue":"\"undefined\"","value":"undefined","valueType":"string"}
{"code":11000,"index":0,"keyPattern":{"title":1},"keyValue":{"title":"Motherboard Para Mineria Z590 Btc Duo 12 Gpu Placas Pcreg"},"level":"error"}
{"code":11000,"index":0,"keyPattern":{"title":1},"keyValue":{"title":"Motherboard Para Mineria Z590 Btc Duo 12 Gpu Placas Pcreg"},"level":"error"}
{"code":11000,"index":0,"keyPattern":{"title":1},"keyValue":{"title":"Motherboard Para Mineria Z590 Btc Duo 12 Gpu Placas Pcreg"},"level":"error"}
{"kind":"ObjectId","level":"error","path":"_id","reason":{},"stringValue":"\"undefined\"","value":"undefined","valueType":"string"}
{"code":11000,"index":0,"keyPattern":{"title":1},"keyValue":{"title":"Motherboard Para Mineria Z590 Btc Duo 12 Gpu Placas Pcreg"},"level":"error"}
{"kind":"ObjectId","level":"error","path":"_id","reason":{},"stringValue":"\"undefined\"","value":"undefined","valueType":"string"}
{"code":11000,"index":0,"keyPattern":{"title":1},"keyValue":{"title":"Motherboard Para Mineria Z590 Btc Duo 12 Gpu Placas Pcreg"},"level":"error"}
{"code":11000,"index":0,"keyPattern":{"title":1},"keyValue":{"title":"Motherboard Para Mineria Z590 Btc Duo 12 Gpu Placas Pcreg"},"level":"error"}
{"code":11000,"index":0,"keyPattern":{"title":1},"keyValue":{"title":"Motherboard Para Mineria Z590 Btc Duo 12 Gpu Placas Pcreg"},"level":"error"}
{"code":11000,"index":0,"keyPattern":{"title":1},"keyValue":{"title":"Motherboard Para Mineria Z590 Btc Duo 12 Gpu Placas Pcreg"},"level":"error"}
{"code":11000,"index":0,"keyPattern":{"title":1},"keyValue":{"title":"Motherboard Para Mineria Z590 Btc Duo 12 Gpu Placas Pcreg"},"level":"error"}
{"kind":"ObjectId","level":"error","path":"_id","reason":{},"stringValue":"\"undefined\"","value":"undefined","valueType":"string"}
{"code":11000,"index":0,"keyPattern":{"title":1},"keyValue":{"title":"Motherboard Para Mineria Z590 Btc Duo 12 Gpu Placas Pcreg"},"level":"error"}
{"kind":"ObjectId","level":"error","path":"_id","reason":{},"stringValue":"\"undefined\"","value":"undefined","valueType":"string"}
{"kind":"ObjectId","level":"error","path":"_id","reason":{},"stringValue":"\"undefined\"","value":"undefined","valueType":"string"}
{"code":11000,"index":0,"keyPattern":{"title":1},"keyValue":{"title":"Motherboard Para Mineria Z590 Btc Duo 12 Gpu Placas Pcreg"},"level":"error"}
{"kind":"ObjectId","level":"error","path":"_id","reason":{},"stringValue":"\"undefined\"","value":"undefined","valueType":"string"}
{"code":11000,"index":0,"keyPattern":{"title":1},"keyValue":{"title":"Motherboard Para Mineria Z590 Btc Duo 12 Gpu Placas Pcreg"},"level":"error"}
{"kind":"ObjectId","level":"error","path":"_id","reason":{},"stringValue":"\"undefined\"","value":"undefined","valueType":"string"}
{"code":11000,"index":0,"keyPattern":{"title":1},"keyValue":{"title":"Motherboard Para Mineria Z590 Btc Duo 12 Gpu Placas Pcreg"},"level":"error"}
{"kind":"ObjectId","level":"error","path":"_id","reason":{},"stringValue":"\"undefined\"","value":"undefined","valueType":"string"}
{"code":11000,"index":0,"keyPattern":{"title":1},"keyValue":{"title":"Motherboard Para Mineria Z590 Btc Duo 12 Gpu Placas Pcreg"},"level":"error"}
{"kind":"ObjectId","level":"error","path":"_id","reason":{},"stringValue":"\"undefined\"","value":"undefined","valueType":"string"}
{"code":11000,"index":0,"keyPattern":{"title":1},"keyValue":{"title":"Motherboard Para Mineria Z590 Btc Duo 12 Gpu Placas Pcreg"},"level":"error"}
{"kind":"ObjectId","level":"error","path":"_id","reason":{},"stringValue":"\"undefined\"","value":"undefined","valueType":"string"}
{"code":11000,"index":0,"keyPattern":{"title":1},"keyValue":{"title":"Motherboard Para Mineria Z590 Btc Duo 12 Gpu Placas Pcreg"},"level":"error"}
{"kind":"ObjectId","level":"error","path":"_id","reason":{},"stringValue":"\"undefined\"","value":"undefined","valueType":"string"}
{"kind":"ObjectId","level":"error","path":"_id","reason":{},"stringValue":"\"undefined\"","value":"undefined","valueType":"string"}
{"code":11000,"index":0,"keyPattern":{"title":1},"keyValue":{"title":"Motherboard Para Mineria Z590 Btc Duo 12 Gpu Placas Pcreg"},"level":"error"}
{"kind":"ObjectId","level":"error","path":"_id","reason":{},"stringValue":"\"undefined\"","value":"undefined","valueType":"string"}
{"code":11000,"index":0,"keyPattern":{"title":1},"keyValue":{"title":"Motherboard Para Mineria Z590 Btc Duo 12 Gpu Placas Pcreg"},"level":"error"}
{"kind":"ObjectId","level":"error","path":"_id","reason":{},"stringValue":"\"undefined\"","value":"undefined","valueType":"string"}
{"kind":"ObjectId","level":"error","path":"_id","reason":{},"stringValue":"\"undefined\"","value":"undefined","valueType":"string"}
{"code":11000,"index":0,"keyPattern":{"title":1},"keyValue":{"title":"Motherboard Para Mineria Z590 Btc Duo 12 Gpu Placas Pcreg"},"level":"error"}
{"kind":"ObjectId","level":"error","path":"_id","reason":{},"stringValue":"\"undefined\"","value":"undefined","valueType":"string"}
{"kind":"ObjectId","level":"error","path":"_id","reason":{},"stringValue":"\"undefined\"","value":"undefined","valueType":"string"}
{"kind":"ObjectId","level":"error","path":"_id","reason":{},"stringValue":"\"undefined\"","value":"undefined","valueType":"string"}
{"code":11000,"index":0,"keyPattern":{"title":1},"keyValue":{"title":"Motherboard Para Mineria Z590 Btc Duo 12 Gpu Placas Pcreg"},"level":"error"}
{"code":11000,"index":0,"keyPattern":{"title":1},"keyValue":{"title":"Motherboard Para Mineria Z590 Btc Duo 12 Gpu Placas Pcreg"},"level":"error"}
{"code":11000,"index":0,"keyPattern":{"title":1},"keyValue":{"title":"Motherboard Para Mineria Z590 Btc Duo 12 Gpu Placas Pcreg"},"level":"error"}
{"code":11000,"index":0,"keyPattern":{"title":1},"keyValue":{"title":"Motherboard Para Mineria Z590 Btc Duo 12 Gpu Placas Pcreg"},"level":"error"}
{"code":11000,"index":0,"keyPattern":{"title":1},"keyValue":{"title":"Motherboard Para Mineria Z590 Btc Duo 12 Gpu Placas Pcreg"},"level":"error"}
{"code":11000,"index":0,"keyPattern":{"title":1},"keyValue":{"title":"Placa de video AMD ASRock Challenger Radeon RX 6700 Series RX 6700 XT RX6700XT CLD 12GO OC Edition 12GB"},"level":"error"}
{"code":11000,"index":0,"keyPattern":{"title":1},"keyValue":{"title":"sss"},"level":"error"}
{"code":11000,"index":0,"keyPattern":{"title":1},"keyValue":{"title":"Producto Nuevo"},"level":"error"}
{"code":11000,"index":0,"keyPattern":{"title":1},"keyValue":{"title":"Producto Nuevo"},"level":"error"}
{"code":11000,"index":0,"keyPattern":{"title":1},"keyValue":{"title":"Producto Nuevo"},"level":"error"}
{"code":11000,"index":0,"keyPattern":{"title":1},"keyValue":{"title":"Producto Nuevo"},"level":"error"}
{"code":11000,"index":0,"keyPattern":{"title":1},"keyValue":{"title":"Producto Nuevo"},"level":"error"}
{"code":11000,"index":0,"keyPattern":{"title":1},"keyValue":{"title":"Producto Nuevo"},"level":"error"}
{"kind":"ObjectId","level":"error","path":"_id","reason":{},"stringValue":"\"+productId\"","value":"+productId","valueType":"string"}
{"code":11000,"index":0,"keyPattern":{"title":1},"keyValue":{"title":"Producto Nuevo Borrar"},"level":"error"}
{"kind":"ObjectId","level":"error","path":"_id","reason":{},"stringValue":"\"5236930402340230sdfsd23\"","value":"5236930402340230sdfsd23","valueType":"string"}
{"code":11000,"index":0,"keyPattern":{"title":1},"keyValue":{"title":"Producto Nuevo Borrar"},"level":"error"}
{"code":11000,"index":0,"keyPattern":{"title":1},"keyValue":{"title":"Producto Nuevsssso Borrar"},"level":"error"}
{"kind":"ObjectId","level":"error","path":"_id","reason":{},"stringValue":"\"undefined\"","value":"undefined","valueType":"string"}
{"kind":"ObjectId","level":"error","path":"_id","reason":{},"stringValue":"\"undefined\"","value":"undefined","valueType":"string"}
{"kind":"ObjectId","level":"error","path":"_id","reason":{},"stringValue":"\"undefined\"","value":"undefined","valueType":"string"}
{"kind":"ObjectId","level":"error","path":"_id","reason":{},"stringValue":"\"6387a1e0252wb1683d1aebb1d\"","value":"6387a1e0252wb1683d1aebb1d","valueType":"string"}
{"code":11000,"index":0,"keyPattern":{"title":1},"keyValue":{"title":"Producto para test desde axios"},"level":"error"}
{"code":11000,"index":0,"keyPattern":{"title":1},"keyValue":{"title":"Producto para test desde axios"},"level":"error"}
{"code":11000,"index":0,"keyPattern":{"title":1},"keyValue":{"title":"Producto para test desde axios"},"level":"error"}
