{"level":"warn","message":"La ruta / GET no está implementada"}
{"level":"warn","message":"La ruta /favicon.ico GET no está implementada"}
{"level":"warn","message":"La ruta /api/mensajes GET no está implementada"}
{"level":"warn","message":"La ruta / GET no está implementada"}
{"level":"warn","message":"La ruta / GET no está implementada"}
{"level":"warn","message":"La ruta / GET no está implementada"}
{"level":"warn","message":"La ruta /favicon.ico GET no está implementada"}
{"level":"warn","message":"La ruta /carts GET no está implementada"}
{"level":"warn","message":"La ruta / GET no está implementada"}
{"level":"warn","message":"La ruta /carritos GET no está implementada"}
{"level":"warn","message":"La ruta /carritos GET no está implementada"}
{"level":"warn","message":"La ruta / GET no está implementada"}
{"level":"warn","message":"La ruta / GET no está implementada"}
{"level":"warn","message":"La ruta /messages GET no está implementada"}
{"level":"warn","message":"La ruta /index.js GET no está implementada"}
{"level":"warn","message":"La ruta /style.css.map GET no está implementada"}
{"level":"warn","message":"La ruta /style.css.map GET no está implementada"}
{"level":"warn","message":"La ruta /style.css.map GET no está implementada"}
{"level":"warn","message":"La ruta /style.css.map GET no está implementada"}
{"level":"warn","message":"La ruta /index.js GET no está implementada"}
{"level":"warn","message":"La ruta /style.css.map GET no está implementada"}
{"level":"warn","message":"La ruta /style.css.map GET no está implementada"}
{"level":"warn","message":"La ruta /index.js GET no está implementada"}
{"level":"warn","message":"La ruta /style.css.map GET no está implementada"}
{"level":"warn","message":"La ruta /index.js GET no está implementada"}
{"level":"warn","message":"La ruta /index.js GET no está implementada"}
{"level":"warn","message":"La ruta /style.css.map GET no está implementada"}
{"level":"warn","message":"La ruta /index.js GET no está implementada"}
{"level":"warn","message":"La ruta /style.css.map GET no está implementada"}
{"level":"warn","message":"La ruta /carrito GET no está implementada"}
{"level":"warn","message":"La ruta /index.js GET no está implementada"}
{"level":"warn","message":"La ruta /index.js GET no está implementada"}
{"level":"warn","message":"La ruta /index.js GET no está implementada"}
{"level":"warn","message":"La ruta /carrito GET no está implementada"}
{"level":"warn","message":"La ruta /index.js GET no está implementada"}
{"level":"warn","message":"La ruta /style.css.map GET no está implementada"}
{"level":"warn","message":"La ruta /style.css.map GET no está implementada"}
{"level":"warn","message":"La ruta /index.js GET no está implementada"}
{"level":"warn","message":"La ruta /style.css.map GET no está implementada"}
{"level":"warn","message":"La ruta /index.js GET no está implementada"}
{"level":"warn","message":"La ruta /style.css.map GET no está implementada"}
{"level":"warn","message":"La ruta /style.css.map GET no está implementada"}
{"level":"warn","message":"La ruta /index.js GET no está implementada"}
{"level":"warn","message":"La ruta /style.css.map GET no está implementada"}
{"level":"warn","message":"La ruta /index.js GET no está implementada"}
{"level":"warn","message":"La ruta /style.css.map GET no está implementada"}
{"level":"warn","message":"La ruta /carrito GET no está implementada"}
{"level":"warn","message":"La ruta /index.js GET no está implementada"}
{"level":"warn","message":"La ruta /index.js GET no está implementada"}
{"level":"warn","message":"La ruta /index.js GET no está implementada"}
{"level":"warn","message":"La ruta /index.js GET no está implementada"}
{"level":"warn","message":"La ruta /index.js GET no está implementada"}
{"level":"warn","message":"La ruta /style.css.map GET no está implementada"}
{"level":"warn","message":"La ruta /index.js GET no está implementada"}
{"level":"warn","message":"La ruta /style.css.map GET no está implementada"}
{"level":"warn","message":"La ruta /index.js GET no está implementada"}
{"level":"warn","message":"La ruta / GET no está implementada"}
{"level":"warn","message":"La ruta /index.js GET no está implementada"}
{"level":"warn","message":"La ruta /index.js GET no está implementada"}
{"level":"warn","message":"La ruta /index.js GET no está implementada"}
{"level":"warn","message":"La ruta /carrito GET no está implementada"}
{"level":"warn","message":"La ruta /carrito GET no está implementada"}
{"level":"warn","message":"La ruta /index.js GET no está implementada"}
{"level":"warn","message":"La ruta /index.js GET no está implementada"}
{"level":"warn","message":"La ruta /index.js GET no está implementada"}
{"level":"warn","message":"La ruta /index.js GET no está implementada"}
{"level":"warn","message":"La ruta /index.js GET no está implementada"}
{"level":"warn","message":"La ruta /index.js GET no está implementada"}
{"level":"warn","message":"La ruta /index.js GET no está implementada"}
{"level":"warn","message":"La ruta / GET no está implementada"}
{"level":"warn","message":"La ruta /index.js GET no está implementada"}
{"level":"warn","message":"La ruta /index.js GET no está implementada"}
{"level":"warn","message":"La ruta /index.js GET no está implementada"}
{"level":"warn","message":"La ruta /carrito GET no está implementada"}
{"level":"warn","message":"La ruta / GET no está implementada"}
{"level":"warn","message":"La ruta /carrito GET no está implementada"}
{"level":"warn","message":"La ruta /index.js GET no está implementada"}
{"level":"warn","message":"La ruta /carrito GET no está implementada"}
{"level":"warn","message":"La ruta /index.js GET no está implementada"}
{"level":"warn","message":"La ruta /carrito GET no está implementada"}
{"level":"warn","message":"La ruta / GET no está implementada"}
{"level":"warn","message":"La ruta /index.js GET no está implementada"}
{"level":"warn","message":"La ruta /carrito GET no está implementada"}
{"level":"warn","message":"La ruta / GET no está implementada"}
{"level":"warn","message":"La ruta /index.js GET no está implementada"}
{"level":"warn","message":"La ruta /carrito GET no está implementada"}
{"level":"warn","message":"La ruta /lo6fc9c GET no está implementada"}
{"level":"warn","message":"La ruta /index.js GET no está implementada"}
{"level":"warn","message":"La ruta /carrito GET no está implementada"}
{"level":"warn","message":"La ruta /style.css.map GET no está implementada"}
{"level":"warn","message":"La ruta /index.js GET no está implementada"}
{"level":"warn","message":"La ruta /style.css.map GET no está implementada"}
{"level":"warn","message":"La ruta /style.css.map GET no está implementada"}
{"level":"warn","message":"La ruta /index.js GET no está implementada"}
{"level":"warn","message":"La ruta /style.css.map GET no está implementada"}
{"level":"warn","message":"La ruta /style.css.map GET no está implementada"}
{"level":"warn","message":"La ruta /index.js GET no está implementada"}
{"level":"warn","message":"La ruta /style.css.map GET no está implementada"}
{"level":"warn","message":"La ruta /style.css.map GET no está implementada"}
{"level":"warn","message":"La ruta /index.js GET no está implementada"}
{"level":"warn","message":"La ruta /style.css.map GET no está implementada"}
{"level":"warn","message":"La ruta /style.css.map GET no está implementada"}
{"level":"warn","message":"La ruta /index.js GET no está implementada"}
{"level":"warn","message":"La ruta /style.css.map GET no está implementada"}
{"level":"warn","message":"La ruta /style.css.map GET no está implementada"}
{"level":"warn","message":"La ruta /index.js GET no está implementada"}
{"level":"warn","message":"La ruta /style.css.map GET no está implementada"}
{"level":"warn","message":"La ruta /style.css.map GET no está implementada"}
{"level":"warn","message":"La ruta /style.css.map GET no está implementada"}
{"level":"warn","message":"La ruta /style.css.map GET no está implementada"}
{"level":"warn","message":"La ruta /index.js GET no está implementada"}
{"level":"warn","message":"La ruta /style.css.map GET no está implementada"}
{"level":"warn","message":"La ruta /style.css.map GET no está implementada"}
{"level":"warn","message":"La ruta /index.js GET no está implementada"}
{"level":"warn","message":"La ruta /style.css.map GET no está implementada"}
{"level":"warn","message":"La ruta /index.js GET no está implementada"}
{"level":"warn","message":"La ruta /style.css.map GET no está implementada"}
{"level":"warn","message":"La ruta /index.js GET no está implementada"}
{"level":"warn","message":"La ruta /style.css.map GET no está implementada"}
{"level":"warn","message":"La ruta /favicon.ico GET no está implementada"}
{"level":"warn","message":"La ruta /%7Busdclogo%7D GET no está implementada"}
{"level":"warn","message":"La ruta /style.css.map GET no está implementada"}
{"level":"warn","message":"La ruta /style.css.map GET no está implementada"}
{"level":"warn","message":"La ruta /style.css.map GET no está implementada"}
{"level":"warn","message":"La ruta /style.css.map GET no está implementada"}
{"level":"warn","message":"La ruta /style.css.map GET no está implementada"}
{"level":"warn","message":"La ruta /style.css.map GET no está implementada"}
{"level":"warn","message":"La ruta /style.css.map GET no está implementada"}
{"level":"warn","message":"La ruta /style.css.map GET no está implementada"}
{"level":"warn","message":"La ruta /style.css.map GET no está implementada"}
{"level":"warn","message":"La ruta /style.css.map GET no está implementada"}
{"level":"warn","message":"La ruta /style.css.map GET no está implementada"}
{"level":"warn","message":"La ruta /style.css.map GET no está implementada"}
{"level":"warn","message":"La ruta /style.css.map GET no está implementada"}
{"level":"warn","message":"La ruta /style.css.map GET no está implementada"}
{"level":"warn","message":"La ruta /style.css.map GET no está implementada"}
{"level":"warn","message":"La ruta /style.css.map GET no está implementada"}
{"level":"warn","message":"La ruta /style.css.map GET no está implementada"}
{"level":"warn","message":"La ruta /style.css.map GET no está implementada"}
{"level":"warn","message":"La ruta /style.css.map GET no está implementada"}
{"level":"warn","message":"La ruta /style.css.map GET no está implementada"}
{"level":"warn","message":"La ruta /style.css.map GET no está implementada"}
{"level":"warn","message":"La ruta /style.css.map GET no está implementada"}
{"level":"warn","message":"La ruta /style.css.map GET no está implementada"}
{"level":"warn","message":"La ruta /style.css.map GET no está implementada"}
{"level":"warn","message":"La ruta /style.css.map GET no está implementada"}
{"level":"warn","message":"La ruta /style.css.map GET no está implementada"}
{"level":"warn","message":"La ruta /style.css.map GET no está implementada"}
{"level":"warn","message":"La ruta /style.css.map GET no está implementada"}
{"level":"warn","message":"La ruta /style.css.map GET no está implementada"}
{"level":"warn","message":"La ruta /style.css.map GET no está implementada"}
{"level":"warn","message":"La ruta /style.css.map GET no está implementada"}
{"level":"warn","message":"La ruta /style.css.map GET no está implementada"}
{"level":"warn","message":"La ruta /style.css.map GET no está implementada"}
{"level":"warn","message":"La ruta /style.css.map GET no está implementada"}
{"level":"warn","message":"La ruta /style.css.map GET no está implementada"}
{"level":"warn","message":"La ruta /style.css.map GET no está implementada"}
{"level":"warn","message":"La ruta /style.css.map GET no está implementada"}
{"level":"warn","message":"La ruta /style.css.map GET no está implementada"}
{"level":"warn","message":"La ruta /style.css.map GET no está implementada"}
{"level":"warn","message":"La ruta /style.css.map GET no está implementada"}
{"level":"warn","message":"La ruta /style.css.map GET no está implementada"}
{"level":"warn","message":"La ruta /style.css.map GET no está implementada"}
{"level":"warn","message":"La ruta /style.css.map GET no está implementada"}
{"level":"warn","message":"La ruta /style.css.map GET no está implementada"}
{"level":"warn","message":"La ruta /style.css.map GET no está implementada"}
{"level":"warn","message":"La ruta /style.css.map GET no está implementada"}
{"level":"warn","message":"La ruta /style.css.map GET no está implementada"}
{"level":"warn","message":"La ruta /style.css.map GET no está implementada"}
{"level":"warn","message":"La ruta /style.css.map GET no está implementada"}
{"level":"warn","message":"La ruta /style.css.map GET no está implementada"}
{"level":"warn","message":"La ruta /style.css.map GET no está implementada"}
{"level":"warn","message":"La ruta /style.css.map GET no está implementada"}
{"level":"warn","message":"La ruta /style.css.map GET no está implementada"}
{"level":"warn","message":"La ruta /style.css.map GET no está implementada"}
{"level":"warn","message":"La ruta /style.css.map GET no está implementada"}
{"level":"warn","message":"La ruta /style.css.map GET no está implementada"}
{"level":"warn","message":"La ruta /style.css.map GET no está implementada"}
{"level":"warn","message":"La ruta /style.css.map GET no está implementada"}
{"level":"warn","message":"La ruta /style.css.map GET no está implementada"}
{"level":"warn","message":"La ruta /style.css.map GET no está implementada"}
{"level":"warn","message":"La ruta /style.css.map GET no está implementada"}
{"level":"warn","message":"La ruta /style.css.map GET no está implementada"}
{"level":"warn","message":"La ruta /style.css.map GET no está implementada"}
{"level":"warn","message":"La ruta /style.css.map GET no está implementada"}
{"level":"warn","message":"La ruta /style.css.map GET no está implementada"}
{"level":"warn","message":"La ruta /style.css.map GET no está implementada"}
{"level":"warn","message":"La ruta /style.css.map GET no está implementada"}
{"level":"warn","message":"La ruta /style.css.map GET no está implementada"}
{"level":"warn","message":"La ruta /style.css.map GET no está implementada"}
{"level":"warn","message":"La ruta /style.css.map GET no está implementada"}
{"level":"warn","message":"La ruta /style.css.map GET no está implementada"}
{"level":"warn","message":"La ruta /style.css.map GET no está implementada"}
{"level":"warn","message":"La ruta /style.css.map GET no está implementada"}
{"level":"warn","message":"La ruta /style.css.map GET no está implementada"}
{"level":"warn","message":"La ruta /style.css.map GET no está implementada"}
{"level":"warn","message":"La ruta /style.css.map GET no está implementada"}
{"level":"warn","message":"La ruta /style.css.map GET no está implementada"}
{"level":"warn","message":"La ruta /style.css.map GET no está implementada"}
{"level":"warn","message":"La ruta /style.css.map GET no está implementada"}
{"level":"warn","message":"La ruta /style.css.map GET no está implementada"}
{"level":"warn","message":"La ruta /style.css.map GET no está implementada"}
{"level":"warn","message":"La ruta /style.css.map GET no está implementada"}
{"level":"warn","message":"La ruta /style.css.map GET no está implementada"}
{"level":"warn","message":"La ruta /style.css.map GET no está implementada"}
{"level":"warn","message":"La ruta /style.css.map GET no está implementada"}
{"level":"warn","message":"La ruta /style.css.map GET no está implementada"}
{"level":"warn","message":"La ruta /style.css.map GET no está implementada"}
{"level":"warn","message":"La ruta /style.css.map GET no está implementada"}
{"level":"warn","message":"La ruta /style.css.map GET no está implementada"}
{"level":"warn","message":"La ruta /style.css.map GET no está implementada"}
{"level":"warn","message":"La ruta / GET no está implementada"}
{"level":"warn","message":"La ruta /style.css.map GET no está implementada"}
{"level":"warn","message":"La ruta /style.css.map GET no está implementada"}
{"level":"warn","message":"La ruta / GET no está implementada"}
{"level":"warn","message":"La ruta /style.css.map GET no está implementada"}
{"level":"warn","message":"La ruta /style.css.map GET no está implementada"}
{"level":"warn","message":"La ruta /style.css.map GET no está implementada"}
{"level":"warn","message":"La ruta /style.css.map GET no está implementada"}
{"level":"warn","message":"La ruta /style.css.map GET no está implementada"}
{"level":"warn","message":"La ruta /style.css.map GET no está implementada"}
{"level":"warn","message":"La ruta /style.css.map GET no está implementada"}
{"level":"warn","message":"La ruta /style.css.map GET no está implementada"}
{"level":"warn","message":"La ruta /style.css.map GET no está implementada"}
{"level":"warn","message":"La ruta /style.css.map GET no está implementada"}
{"level":"warn","message":"La ruta /style.css.map GET no está implementada"}
{"level":"warn","message":"La ruta /style.css.map GET no está implementada"}
{"level":"warn","message":"La ruta /style.css.map GET no está implementada"}
{"level":"warn","message":"La ruta /style.css.map GET no está implementada"}
{"level":"warn","message":"La ruta /style.css.map GET no está implementada"}
{"level":"warn","message":"La ruta /style.css.map GET no está implementada"}
{"level":"warn","message":"La ruta /style.css.map GET no está implementada"}
{"level":"warn","message":"La ruta /style.css.map GET no está implementada"}
{"level":"warn","message":"La ruta /style.css.map GET no está implementada"}
{"level":"warn","message":"La ruta /style.css.map GET no está implementada"}
{"level":"warn","message":"La ruta /style.css.map GET no está implementada"}
{"level":"warn","message":"La ruta /style.css.map GET no está implementada"}
{"level":"warn","message":"La ruta /style.css.map GET no está implementada"}
{"level":"warn","message":"La ruta /style.css.map GET no está implementada"}
{"level":"warn","message":"La ruta /style.css.map GET no está implementada"}
{"level":"warn","message":"La ruta /style.css.map GET no está implementada"}
{"level":"warn","message":"La ruta /style.css.map GET no está implementada"}
{"level":"warn","message":"La ruta /style.css.map GET no está implementada"}
{"level":"warn","message":"La ruta /style.css.map GET no está implementada"}
{"level":"warn","message":"La ruta /style.css.map GET no está implementada"}
{"level":"warn","message":"La ruta /style.css.map GET no está implementada"}
{"level":"warn","message":"La ruta /style.css.map GET no está implementada"}
{"level":"warn","message":"La ruta /style.css.map GET no está implementada"}
{"level":"warn","message":"La ruta / GET no está implementada"}
{"level":"warn","message":"La ruta /style.css.map GET no está implementada"}
{"level":"warn","message":"La ruta /style.css.map GET no está implementada"}
{"level":"warn","message":"La ruta /style.css.map GET no está implementada"}
{"level":"warn","message":"La ruta /style.css.map GET no está implementada"}
{"level":"warn","message":"La ruta /style.css.map GET no está implementada"}
{"level":"warn","message":"La ruta /style.css.map GET no está implementada"}
{"level":"warn","message":"La ruta /style.css.map GET no está implementada"}
{"level":"warn","message":"La ruta /style.css.map GET no está implementada"}
{"level":"warn","message":"La ruta /style.css.map GET no está implementada"}
{"level":"warn","message":"La ruta /style.css.map GET no está implementada"}
{"level":"warn","message":"La ruta / GET no está implementada"}
{"level":"warn","message":"La ruta /style.css.map GET no está implementada"}
{"level":"warn","message":"La ruta /style.css.map GET no está implementada"}
{"level":"warn","message":"La ruta /style.css.map GET no está implementada"}
{"level":"warn","message":"La ruta /style.css.map GET no está implementada"}
{"level":"warn","message":"La ruta /style.css.map GET no está implementada"}
{"level":"warn","message":"La ruta /style.css.map GET no está implementada"}
{"level":"warn","message":"La ruta /style.css.map GET no está implementada"}
{"level":"warn","message":"La ruta /style.css.map GET no está implementada"}
{"level":"warn","message":"La ruta /style.css.map GET no está implementada"}
{"level":"warn","message":"La ruta /style.css.map GET no está implementada"}
{"level":"warn","message":"La ruta /style.css.map GET no está implementada"}
{"level":"warn","message":"La ruta /style.css.map GET no está implementada"}
{"level":"warn","message":"La ruta /style.css.map GET no está implementada"}
{"level":"warn","message":"La ruta /style.css.map GET no está implementada"}
{"level":"warn","message":"La ruta /style.css.map GET no está implementada"}
{"level":"warn","message":"La ruta /style.css.map GET no está implementada"}
{"level":"warn","message":"La ruta /style.css.map GET no está implementada"}
{"level":"warn","message":"La ruta /style.css.map GET no está implementada"}
{"level":"warn","message":"La ruta /style.css.map GET no está implementada"}
{"level":"warn","message":"La ruta /style.css.map GET no está implementada"}
{"level":"warn","message":"La ruta /style.css.map GET no está implementada"}
{"level":"warn","message":"La ruta /style.css.map GET no está implementada"}
{"level":"warn","message":"La ruta /style.css.map GET no está implementada"}
{"level":"warn","message":"La ruta /style.css.map GET no está implementada"}
{"level":"warn","message":"La ruta /style.css.map GET no está implementada"}
{"level":"warn","message":"La ruta /style.css.map GET no está implementada"}
{"level":"warn","message":"La ruta /style.css.map GET no está implementada"}
{"level":"warn","message":"La ruta /style.css.map GET no está implementada"}
{"level":"warn","message":"La ruta /style.css.map GET no está implementada"}
{"level":"warn","message":"La ruta /style.css.map GET no está implementada"}
{"level":"warn","message":"La ruta /style.css.map GET no está implementada"}
{"level":"warn","message":"La ruta /style.css.map GET no está implementada"}
{"level":"warn","message":"La ruta /style.css.map GET no está implementada"}
{"level":"warn","message":"La ruta /style.css.map GET no está implementada"}
{"level":"warn","message":"La ruta /style.css.map GET no está implementada"}
{"level":"warn","message":"La ruta /style.css.map GET no está implementada"}
{"level":"warn","message":"La ruta /style.css.map GET no está implementada"}
{"level":"warn","message":"La ruta /style.css.map GET no está implementada"}
{"level":"warn","message":"La ruta /style.css.map GET no está implementada"}
{"level":"warn","message":"La ruta /style.css.map GET no está implementada"}
{"level":"warn","message":"La ruta /style.css.map GET no está implementada"}
{"level":"warn","message":"La ruta /style.css.map GET no está implementada"}
{"level":"warn","message":"La ruta /style.css.map GET no está implementada"}
{"level":"warn","message":"La ruta /style.css.map GET no está implementada"}
{"level":"warn","message":"La ruta /style.css.map GET no está implementada"}
{"level":"warn","message":"La ruta /style.css.map GET no está implementada"}
{"level":"warn","message":"La ruta /style.css.map GET no está implementada"}
{"level":"warn","message":"La ruta /style.css.map GET no está implementada"}
{"level":"warn","message":"La ruta / GET no está implementada"}
{"level":"warn","message":"La ruta /style.css.map GET no está implementada"}
{"level":"warn","message":"La ruta /style.css.map GET no está implementada"}
{"level":"warn","message":"La ruta /style.css.map GET no está implementada"}
{"level":"warn","message":"La ruta /style.css.map GET no está implementada"}
{"level":"warn","message":"La ruta /style.css.map GET no está implementada"}
{"level":"warn","message":"La ruta /favicon.ico GET no está implementada"}
{"level":"warn","message":"La ruta /style.css.map GET no está implementada"}
{"level":"warn","message":"La ruta /style.css.map GET no está implementada"}
{"level":"warn","message":"La ruta /style.css.map GET no está implementada"}
{"level":"warn","message":"La ruta /style.css.map GET no está implementada"}
{"level":"warn","message":"La ruta /style.css.map GET no está implementada"}
{"level":"warn","message":"La ruta /style.css.map GET no está implementada"}
{"level":"warn","message":"La ruta /style.css.map GET no está implementada"}
{"level":"warn","message":"La ruta /style.css.map GET no está implementada"}
{"level":"warn","message":"La ruta /style.css.map GET no está implementada"}
{"level":"warn","message":"La ruta /style.css.map GET no está implementada"}
{"level":"warn","message":"La ruta /style.css.map GET no está implementada"}
{"level":"warn","message":"La ruta /style.css.map GET no está implementada"}
{"level":"warn","message":"La ruta /style.css.map GET no está implementada"}
{"level":"warn","message":"La ruta /style.css.map GET no está implementada"}
{"level":"warn","message":"La ruta /style.css.map GET no está implementada"}
{"level":"warn","message":"La ruta /style.css.map GET no está implementada"}
{"level":"warn","message":"La ruta /style.css.map GET no está implementada"}
{"level":"warn","message":"La ruta /style.css.map GET no está implementada"}
{"level":"warn","message":"La ruta /style.css.map GET no está implementada"}
{"level":"warn","message":"La ruta /style.css.map GET no está implementada"}
{"level":"warn","message":"La ruta /style.css.map GET no está implementada"}
{"level":"warn","message":"La ruta /style.css.map GET no está implementada"}
{"level":"warn","message":"La ruta /style.css.map GET no está implementada"}
{"level":"warn","message":"La ruta /style.css.map GET no está implementada"}
{"level":"warn","message":"La ruta /style.css.map GET no está implementada"}
{"level":"warn","message":"La ruta /style.css.map GET no está implementada"}
{"level":"warn","message":"La ruta /style.css.map GET no está implementada"}
{"level":"warn","message":"La ruta /style.css.map GET no está implementada"}
{"level":"warn","message":"La ruta /style.css.map GET no está implementada"}
{"level":"warn","message":"La ruta /style.css.map GET no está implementada"}
{"level":"warn","message":"La ruta /style.css.map GET no está implementada"}
{"level":"warn","message":"La ruta /style.css.map GET no está implementada"}
{"level":"warn","message":"La ruta /style.css.map GET no está implementada"}
{"level":"warn","message":"La ruta /style.css.map GET no está implementada"}
{"level":"warn","message":"La ruta /style.css.map GET no está implementada"}
{"level":"warn","message":"La ruta /style.css.map GET no está implementada"}
{"level":"warn","message":"La ruta /style.css.map GET no está implementada"}
{"level":"warn","message":"La ruta /style.css.map GET no está implementada"}
{"level":"warn","message":"La ruta /style.css.map GET no está implementada"}
{"level":"warn","message":"La ruta /style.css.map GET no está implementada"}
{"level":"warn","message":"La ruta /style.css.map GET no está implementada"}
{"level":"warn","message":"La ruta /style.css.map GET no está implementada"}
{"level":"warn","message":"La ruta /style.css.map GET no está implementada"}
{"level":"warn","message":"La ruta /style.css.map GET no está implementada"}
{"level":"warn","message":"La ruta /style.css.map GET no está implementada"}
{"level":"warn","message":"La ruta /style.css.map GET no está implementada"}
{"level":"warn","message":"La ruta /style.css.map GET no está implementada"}
{"level":"warn","message":"La ruta /style.css.map GET no está implementada"}
{"level":"warn","message":"La ruta /style.css.map GET no está implementada"}
{"level":"warn","message":"La ruta /style.css.map GET no está implementada"}
{"level":"warn","message":"La ruta /style.css.map GET no está implementada"}
{"level":"warn","message":"La ruta /style.css.map GET no está implementada"}
{"level":"warn","message":"La ruta /favicon.ico GET no está implementada"}
{"level":"warn","message":"La ruta / GET no está implementada"}
{"level":"warn","message":"La ruta / GET no está implementada"}
{"level":"warn","message":"La ruta /style.css.map GET no está implementada"}
{"level":"warn","message":"La ruta /style.css.map GET no está implementada"}
{"level":"warn","message":"La ruta /style.css.map GET no está implementada"}
{"level":"warn","message":"La ruta /style.css.map GET no está implementada"}
{"level":"warn","message":"La ruta /style.css.map GET no está implementada"}
{"level":"warn","message":"La ruta /style.css.map GET no está implementada"}
{"level":"warn","message":"La ruta / GET no está implementada"}
{"level":"warn","message":"La ruta /style.css.map GET no está implementada"}
{"level":"warn","message":"La ruta /style.css.map GET no está implementada"}
{"level":"warn","message":"La ruta /style.css.map GET no está implementada"}
{"level":"warn","message":"La ruta /style.css.map GET no está implementada"}
{"level":"warn","message":"La ruta /style.css.map GET no está implementada"}
{"level":"warn","message":"La ruta /style.css.map GET no está implementada"}
{"level":"warn","message":"La ruta /style.css.map GET no está implementada"}
{"level":"warn","message":"La ruta /style.css.map GET no está implementada"}
{"level":"warn","message":"La ruta /style.css.map GET no está implementada"}
{"level":"warn","message":"La ruta / GET no está implementada"}
{"level":"warn","message":"La ruta /style.css.map GET no está implementada"}
{"level":"warn","message":"La ruta /style.css.map GET no está implementada"}
{"level":"warn","message":"La ruta /style.css.map GET no está implementada"}
{"level":"warn","message":"La ruta /style.css.map GET no está implementada"}
{"level":"warn","message":"La ruta /style.css.map GET no está implementada"}
{"level":"warn","message":"La ruta /style.css.map GET no está implementada"}
{"level":"warn","message":"La ruta /style.css.map GET no está implementada"}
{"level":"warn","message":"La ruta /style.css.map GET no está implementada"}
{"level":"warn","message":"La ruta /style.css.map GET no está implementada"}
{"level":"warn","message":"La ruta /style.css.map GET no está implementada"}
{"level":"warn","message":"La ruta /style.css.map GET no está implementada"}
{"level":"warn","message":"La ruta /style.css.map GET no está implementada"}
{"level":"warn","message":"La ruta /style.css.map GET no está implementada"}
{"level":"warn","message":"La ruta /style.css.map GET no está implementada"}
{"level":"warn","message":"La ruta /style.css.map GET no está implementada"}
{"level":"warn","message":"La ruta /style.css.map GET no está implementada"}
{"level":"warn","message":"La ruta /style.css.map GET no está implementada"}
{"level":"warn","message":"La ruta /style.css.map GET no está implementada"}
{"level":"warn","message":"La ruta /style.css.map GET no está implementada"}
{"level":"warn","message":"La ruta /style.css.map GET no está implementada"}
{"level":"warn","message":"La ruta /style.css.map GET no está implementada"}
{"level":"warn","message":"La ruta /style.css.map GET no está implementada"}
{"level":"warn","message":"La ruta /style.css.map GET no está implementada"}
{"level":"warn","message":"La ruta /assets/img/logos/cart.png GET no está implementada"}
{"level":"warn","message":"La ruta /style.css.map GET no está implementada"}
{"level":"warn","message":"La ruta /style.css.map GET no está implementada"}
{"level":"warn","message":"La ruta /style.css.map GET no está implementada"}
{"level":"warn","message":"La ruta /style.css.map GET no está implementada"}
{"level":"warn","message":"La ruta /style.css.map GET no está implementada"}
{"level":"warn","message":"La ruta /style.css.map GET no está implementada"}
{"level":"warn","message":"La ruta /style.css.map GET no está implementada"}
{"level":"warn","message":"La ruta /style.css.map GET no está implementada"}
{"level":"warn","message":"La ruta /style.css.map GET no está implementada"}
{"level":"warn","message":"La ruta /style.css.map GET no está implementada"}
{"level":"warn","message":"La ruta /style.css.map GET no está implementada"}
{"level":"warn","message":"La ruta /style.css.map GET no está implementada"}
{"level":"warn","message":"La ruta /style.css.map GET no está implementada"}
{"level":"warn","message":"La ruta /style.css.map GET no está implementada"}
{"level":"warn","message":"La ruta /style.css.map GET no está implementada"}
{"level":"warn","message":"La ruta / GET no está implementada"}
{"level":"warn","message":"La ruta /public/intl-tel-input.js GET no está implementada"}
{"level":"warn","message":"La ruta /public/intl-tel-input.js GET no está implementada"}
{"level":"warn","message":"La ruta /public/intl-tel-input.js GET no está implementada"}
{"level":"warn","message":"La ruta /public/intl-tel-input.js GET no está implementada"}
{"level":"warn","message":"La ruta /style.css.map GET no está implementada"}
{"level":"warn","message":"La ruta /public/intl-tel-input.js GET no está implementada"}
{"level":"warn","message":"La ruta /style.css.map GET no está implementada"}
{"level":"warn","message":"La ruta /public/intl-tel-input.js GET no está implementada"}
{"level":"warn","message":"La ruta /style.css.map GET no está implementada"}
{"level":"warn","message":"La ruta /public/intl-tel-input.js GET no está implementada"}
{"level":"warn","message":"La ruta /style.css.map GET no está implementada"}
{"level":"warn","message":"La ruta /public/intl-tel-input.js GET no está implementada"}
{"level":"warn","message":"La ruta /style.css.map GET no está implementada"}
{"level":"warn","message":"La ruta /public/intl-tel-input.js GET no está implementada"}
{"level":"warn","message":"La ruta /style.css.map GET no está implementada"}
{"level":"warn","message":"La ruta /public/intl-tel-input.js GET no está implementada"}
{"level":"warn","message":"La ruta /style.css.map GET no está implementada"}
{"level":"warn","message":"La ruta /public/intl-tel-input.js GET no está implementada"}
{"level":"warn","message":"La ruta /style.css.map GET no está implementada"}
{"level":"warn","message":"La ruta /style.css.map GET no está implementada"}
{"level":"warn","message":"La ruta /style.css.map GET no está implementada"}
{"level":"warn","message":"La ruta /pages/intl-tel-input.js GET no está implementada"}
{"level":"warn","message":"La ruta /style.css.map GET no está implementada"}
{"level":"warn","message":"La ruta /pages/intl-tel-input.js GET no está implementada"}
{"level":"warn","message":"La ruta /style.css.map GET no está implementada"}
{"level":"warn","message":"La ruta /style.css.map GET no está implementada"}
{"level":"warn","message":"La ruta /style.css.map GET no está implementada"}
{"level":"warn","message":"La ruta /style.css.map GET no está implementada"}
{"level":"warn","message":"La ruta /style.css.map GET no está implementada"}
{"level":"warn","message":"La ruta /style.css.map GET no está implementada"}
{"level":"warn","message":"La ruta /style.css.map GET no está implementada"}
{"level":"warn","message":"La ruta /style.css.map GET no está implementada"}
{"level":"warn","message":"La ruta /style.css.map GET no está implementada"}
{"level":"warn","message":"La ruta /style.css.map GET no está implementada"}
{"level":"warn","message":"La ruta /style.css.map GET no está implementada"}
{"level":"warn","message":"La ruta /style.css.map GET no está implementada"}
{"level":"warn","message":"La ruta /style.css.map GET no está implementada"}
{"level":"warn","message":"La ruta /style.css.map GET no está implementada"}
{"level":"warn","message":"La ruta /style.css.map GET no está implementada"}
{"level":"warn","message":"La ruta /style.css.map GET no está implementada"}
{"level":"warn","message":"La ruta /style.css.map GET no está implementada"}
{"level":"warn","message":"La ruta /style.css.map GET no está implementada"}
{"level":"warn","message":"La ruta /style.css.map GET no está implementada"}
{"level":"warn","message":"La ruta /style.css.map GET no está implementada"}
{"level":"warn","message":"La ruta /style.css.map GET no está implementada"}
{"level":"warn","message":"La ruta /style.css.map GET no está implementada"}
{"level":"warn","message":"La ruta /style.css.map GET no está implementada"}
{"level":"warn","message":"La ruta /style.css.map GET no está implementada"}
{"level":"warn","message":"La ruta /style.css.map GET no está implementada"}
{"level":"warn","message":"La ruta /style.css.map GET no está implementada"}
{"level":"warn","message":"La ruta /style.css.map GET no está implementada"}
{"level":"warn","message":"La ruta /style.css.map GET no está implementada"}
{"level":"warn","message":"La ruta /style.css.map GET no está implementada"}
{"level":"warn","message":"La ruta /style.css.map GET no está implementada"}
{"level":"warn","message":"La ruta /style.css.map GET no está implementada"}
{"level":"warn","message":"La ruta /style.css.map GET no está implementada"}
{"level":"warn","message":"La ruta /style.css.map GET no está implementada"}
{"level":"warn","message":"La ruta /style.css.map GET no está implementada"}
{"level":"warn","message":"La ruta /style.css.map GET no está implementada"}
{"level":"warn","message":"La ruta /style.css.map GET no está implementada"}
{"level":"warn","message":"La ruta /style.css.map GET no está implementada"}
{"level":"warn","message":"La ruta /style.css.map GET no está implementada"}
{"level":"warn","message":"La ruta /favicon.ico GET no está implementada"}
{"level":"warn","message":"La ruta /style.css.map GET no está implementada"}
{"level":"warn","message":"La ruta /style.css.map GET no está implementada"}
{"level":"warn","message":"La ruta /class=%22img-fluid%22 GET no está implementada"}
{"level":"warn","message":"La ruta /style.css.map GET no está implementada"}
{"level":"warn","message":"La ruta /style.css.map GET no está implementada"}
{"level":"warn","message":"La ruta /style.css.map GET no está implementada"}
{"level":"warn","message":"La ruta /class=%22img-fluid%22 GET no está implementada"}
{"level":"warn","message":"La ruta /style.css.map GET no está implementada"}
{"level":"warn","message":"La ruta /style.css.map GET no está implementada"}
{"level":"warn","message":"La ruta /style.css.map GET no está implementada"}
{"level":"warn","message":"La ruta /style.css.map GET no está implementada"}
{"level":"warn","message":"La ruta /style.css.map GET no está implementada"}
{"level":"warn","message":"La ruta /class=%22img-fluid%22 GET no está implementada"}
{"level":"warn","message":"La ruta /style.css.map GET no está implementada"}
{"level":"warn","message":"La ruta /style.css.map GET no está implementada"}
{"level":"warn","message":"La ruta /style.css.map GET no está implementada"}
{"level":"warn","message":"La ruta /class=%22img-fluid%22 GET no está implementada"}
{"level":"warn","message":"La ruta /style.css.map GET no está implementada"}
{"level":"warn","message":"La ruta / GET no está implementada"}
{"level":"warn","message":"La ruta /style.css.map GET no está implementada"}
{"level":"warn","message":"La ruta /style.css.map GET no está implementada"}
{"level":"warn","message":"La ruta /style.css.map GET no está implementada"}
{"level":"warn","message":"La ruta /style.css.map GET no está implementada"}
{"level":"warn","message":"La ruta /style.css.map GET no está implementada"}
{"level":"warn","message":"La ruta /style.css.map GET no está implementada"}
{"level":"warn","message":"La ruta /style.css.map GET no está implementada"}
{"level":"warn","message":"La ruta /style.css.map GET no está implementada"}
{"level":"warn","message":"La ruta /style.css.map GET no está implementada"}
{"level":"warn","message":"La ruta /style.css.map GET no está implementada"}
{"level":"warn","message":"La ruta /style.css.map GET no está implementada"}
{"level":"warn","message":"La ruta /style.css.map GET no está implementada"}
{"level":"warn","message":"La ruta /style.css.map GET no está implementada"}
{"level":"warn","message":"La ruta /style.css.map GET no está implementada"}
{"level":"warn","message":"La ruta /style.css.map GET no está implementada"}
{"level":"warn","message":"La ruta /public/uploads/avatars/e92be5c1-810c-44a6-9279-7bf484567f0a.png GET no está implementada"}
{"level":"warn","message":"La ruta /style.css.map GET no está implementada"}
{"level":"warn","message":"La ruta /style.css.map GET no está implementada"}
{"level":"warn","message":"La ruta /style.css.map GET no está implementada"}
{"level":"warn","message":"La ruta /style.css.map GET no está implementada"}
{"level":"warn","message":"La ruta /style.css.map GET no está implementada"}
{"level":"warn","message":"La ruta /style.css.map GET no está implementada"}
{"level":"warn","message":"La ruta /style.css.map GET no está implementada"}
{"level":"warn","message":"La ruta /style.css.map GET no está implementada"}
{"level":"warn","message":"La ruta /style.css.map GET no está implementada"}
{"level":"warn","message":"La ruta /style.css.map GET no está implementada"}
{"level":"warn","message":"La ruta /style.css.map GET no está implementada"}
{"level":"warn","message":"La ruta /style.css.map GET no está implementada"}
{"level":"warn","message":"La ruta / GET no está implementada"}
{"level":"warn","message":"La ruta /favicon.ico GET no está implementada"}
{"level":"warn","message":"La ruta /style.css.map GET no está implementada"}
{"level":"warn","message":"La ruta /profile GET no está implementada"}
{"level":"warn","message":"La ruta /style.css.map GET no está implementada"}
{"level":"warn","message":"La ruta /style.css.map GET no está implementada"}
{"level":"warn","message":"La ruta /style.css.map GET no está implementada"}
{"level":"warn","message":"La ruta /style.css.map GET no está implementada"}
{"level":"warn","message":"La ruta /style.css.map GET no está implementada"}
{"level":"warn","message":"La ruta /productossss GET no está implementada"}
{"level":"warn","message":"La ruta /productossss GET no está implementada"}
{"level":"warn","message":"La ruta /assets/images/logos/404.png GET no está implementada"}
{"level":"warn","message":"La ruta /productossss GET no está implementada"}
{"level":"warn","message":"La ruta /assets/images/logos/404.png GET no está implementada"}
{"level":"warn","message":"La ruta /style.css.map GET no está implementada"}
{"level":"warn","message":"La ruta /style.css.map GET no está implementada"}
{"level":"warn","message":"La ruta /style.css.map GET no está implementada"}
{"level":"warn","message":"La ruta /style.css.map GET no está implementada"}
{"level":"warn","message":"La ruta /psss GET no está implementada"}
{"level":"warn","message":"La ruta /assets/images/logos/404.png GET no está implementada"}
{"level":"warn","message":"La ruta /style.css.map GET no está implementada"}
{"level":"warn","message":"La ruta /style.css.map GET no está implementada"}
{"level":"warn","message":"La ruta /style.css.map GET no está implementada"}
{"level":"warn","message":"La ruta /productossss GET no está implementada"}
{"level":"warn","message":"La ruta /assets/images/logos/404.png GET no está implementada"}
{"level":"warn","message":"La ruta /style.css.map GET no está implementada"}
{"level":"warn","message":"La ruta /productossss GET no está implementada"}
{"level":"warn","message":"La ruta /style.css.map GET no está implementada"}
{"level":"warn","message":"La ruta /style.css.map GET no está implementada"}
{"level":"warn","message":"La ruta /style.css.map GET no está implementada"}
{"level":"warn","message":"La ruta /style.css.map GET no está implementada"}
{"level":"warn","message":"La ruta /style.css.map GET no está implementada"}
{"level":"warn","message":"La ruta /uploads/avatars/c02b244a-0678-4400-b2ca-25d53c1f80e7.png/ GET no está implementada"}
{"level":"warn","message":"La ruta /uploads/avatars/c02b244a-0678-4400-b2ca-25d53c1f80e7.png/ GET no está implementada"}
{"level":"warn","message":"La ruta /style.css.map GET no está implementada"}
{"level":"warn","message":"La ruta /style.css.map GET no está implementada"}
{"level":"warn","message":"La ruta /style.css.map GET no está implementada"}
{"level":"warn","message":"La ruta /uploads/avatars/c02b244a-0678-4400-b2ca-25d53c1f80e7.png/ GET no está implementada"}
{"level":"warn","message":"La ruta /style.css.map GET no está implementada"}
{"level":"warn","message":"La ruta /style.css.map GET no está implementada"}
{"level":"warn","message":"La ruta /style.css.map GET no está implementada"}
{"level":"warn","message":"La ruta /uploads/avatars/c02b244a-0678-4400-b2ca-25d53c1f80e7.png/ GET no está implementada"}
{"level":"warn","message":"La ruta /style.css.map GET no está implementada"}
{"level":"warn","message":"La ruta /uploads/avatars/c02b244a-0678-4400-b2ca-25d53c1f80e7.png/ GET no está implementada"}
{"level":"warn","message":"La ruta /uploads/avatars/c02b244a-0678-4400-b2ca-25d53c1f80e7.png/ GET no está implementada"}
{"level":"warn","message":"La ruta /style.css.map GET no está implementada"}
{"level":"warn","message":"La ruta /style.css.map GET no está implementada"}
{"level":"warn","message":"La ruta /uploads/avatars/c02b244a-0678-4400-b2ca-25d53c1f80e7.png/ GET no está implementada"}
{"level":"warn","message":"La ruta /style.css.map GET no está implementada"}
{"level":"warn","message":"La ruta /style.css.map GET no está implementada"}
{"level":"warn","message":"La ruta /uploads/avatars/c02b244a-0678-4400-b2ca-25d53c1f80e7.png/ GET no está implementada"}
{"level":"warn","message":"La ruta /style.css.map GET no está implementada"}
{"level":"warn","message":"La ruta /style.css.map GET no está implementada"}
{"level":"warn","message":"La ruta /uploads/avatars/c02b244a-0678-4400-b2ca-25d53c1f80e7.png/ GET no está implementada"}
{"level":"warn","message":"La ruta /style.css.map GET no está implementada"}
{"level":"warn","message":"La ruta /style.css.map GET no está implementada"}
{"level":"warn","message":"La ruta /uploads/avatars/c02b244a-0678-4400-b2ca-25d53c1f80e7.png/ GET no está implementada"}
{"level":"warn","message":"La ruta /style.css.map GET no está implementada"}
{"level":"warn","message":"La ruta /style.css.map GET no está implementada"}
{"level":"warn","message":"La ruta /uploads/avatars/c02b244a-0678-4400-b2ca-25d53c1f80e7.png/ GET no está implementada"}
{"level":"warn","message":"La ruta /style.css.map GET no está implementada"}
{"level":"warn","message":"La ruta /style.css.map GET no está implementada"}
{"level":"warn","message":"La ruta /uploads/avatars/c02b244a-0678-4400-b2ca-25d53c1f80e7.png/ GET no está implementada"}
{"level":"warn","message":"La ruta /uploads/avatars/c02b244a-0678-4400-b2ca-25d53c1f80e7.pn/ GET no está implementada"}
{"level":"warn","message":"La ruta /uploads/avatars/c02b244a-0678-4400-b2ca-25d53c1f80e7.png/ GET no está implementada"}
{"level":"warn","message":"La ruta /uploads/avatars/c02b244a-0678-4400-b2ca-25d53c1f80e7.pn/ GET no está implementada"}
{"level":"warn","message":"La ruta /style.css.map GET no está implementada"}
{"level":"warn","message":"La ruta /style.css.map GET no está implementada"}
{"level":"warn","message":"La ruta /uploads/avatars/c02b244a-0678-4400-b2ca-25d53c1f80e7.pn/ GET no está implementada"}
{"level":"warn","message":"La ruta /uploads/avatars/c02b244a-0678-4400-b2ca-25d53c1f80e7.png/ GET no está implementada"}
{"level":"warn","message":"La ruta /style.css.map GET no está implementada"}
{"level":"warn","message":"La ruta /style.css.map GET no está implementada"}
{"level":"warn","message":"La ruta /style.css.map GET no está implementada"}
{"level":"warn","message":"La ruta /style.css.map GET no está implementada"}
{"level":"warn","message":"La ruta /style.css.map GET no está implementada"}
{"level":"warn","message":"La ruta /style.css.map GET no está implementada"}
{"level":"warn","message":"La ruta /style.css.map GET no está implementada"}
{"level":"warn","message":"La ruta /style.css.map GET no está implementada"}
{"level":"warn","message":"La ruta /uploads/avatars/c02b244a-0678-4400-b2ca-25d53c1f80e7.pn/ GET no está implementada"}
{"level":"warn","message":"La ruta /uploads/avatars/c02b244a-0678-4400-b2ca-25d53c1f80e7.png/ GET no está implementada"}
{"level":"warn","message":"La ruta /uploads/avatars/c02b244a-0678-4400-b2ca-25d53c1f80e7.pn/ GET no está implementada"}
{"level":"warn","message":"La ruta /uploads/avatars/c02b244a-0678-4400-b2ca-25d53c1f80e7.png/ GET no está implementada"}
{"level":"warn","message":"La ruta /uploads/avatars/c02b244a-0678-4400-b2ca-25d53c1f80e7.pn/ GET no está implementada"}
{"level":"warn","message":"La ruta /uploads/avatars/c02b244a-0678-4400-b2ca-25d53c1f80e7.png/ GET no está implementada"}
{"level":"warn","message":"La ruta /uploads/avatars/c02b244a-0678-4400-b2ca-25d53c1f80e7.png/ GET no está implementada"}
{"level":"warn","message":"La ruta /uploads/avatars/c02b244a-0678-4400-b2ca-25d53c1f80e7.pn/ GET no está implementada"}
{"level":"warn","message":"La ruta /uploads/avatars/c02b244a-0678-4400-b2ca-25d53c1f80e7.png/ GET no está implementada"}
{"level":"warn","message":"La ruta /uploads/avatars/c02b244a-0678-4400-b2ca-25d53c1f80e7.pn/ GET no está implementada"}
{"level":"warn","message":"La ruta /uploads/avatars/c02b244a-0678-4400-b2ca-25d53c1f80e7.pn/ GET no está implementada"}
{"level":"warn","message":"La ruta /uploads/avatars/c02b244a-0678-4400-b2ca-25d53c1f80e7.png/ GET no está implementada"}
{"level":"warn","message":"La ruta /carritoT GET no está implementada"}
{"level":"warn","message":"La ruta /uploads/avatars/c02b244a-0678-4400-b2ca-25d53c1f80e7.png/ GET no está implementada"}
{"level":"warn","message":"La ruta /uploads/avatars/c02b244a-0678-4400-b2ca-25d53c1f80e7.pn/ GET no está implementada"}
{"level":"warn","message":"La ruta /uploads/avatars/c02b244a-0678-4400-b2ca-25d53c1f80e7.png/ GET no está implementada"}
{"level":"warn","message":"La ruta /uploads/avatars/c02b244a-0678-4400-b2ca-25d53c1f80e7.pn/ GET no está implementada"}
{"level":"warn","message":"La ruta /uploads/avatars/c02b244a-0678-4400-b2ca-25d53c1f80e7.png/ GET no está implementada"}
{"level":"warn","message":"La ruta /uploads/avatars/c02b244a-0678-4400-b2ca-25d53c1f80e7.pn/ GET no está implementada"}
{"level":"warn","message":"La ruta /uploads/avatars/c02b244a-0678-4400-b2ca-25d53c1f80e7.png/ GET no está implementada"}
{"level":"warn","message":"La ruta /uploads/avatars/c02b244a-0678-4400-b2ca-25d53c1f80e7.pn/ GET no está implementada"}
{"level":"warn","message":"La ruta /uploads/avatars/c02b244a-0678-4400-b2ca-25d53c1f80e7.png/ GET no está implementada"}
{"level":"warn","message":"La ruta /uploads/avatars/c02b244a-0678-4400-b2ca-25d53c1f80e7.pn/ GET no está implementada"}
{"level":"warn","message":"La ruta /uploads/avatars/c02b244a-0678-4400-b2ca-25d53c1f80e7.png/ GET no está implementada"}
{"level":"warn","message":"La ruta /uploads/avatars/c02b244a-0678-4400-b2ca-25d53c1f80e7.pn/ GET no está implementada"}
{"level":"warn","message":"La ruta /uploads/avatars/c02b244a-0678-4400-b2ca-25d53c1f80e7.png/ GET no está implementada"}
{"level":"warn","message":"La ruta /uploads/avatars/c02b244a-0678-4400-b2ca-25d53c1f80e7.pn/ GET no está implementada"}
{"level":"warn","message":"La ruta /uploads/avatars/c02b244a-0678-4400-b2ca-25d53c1f80e7.png/ GET no está implementada"}
{"level":"warn","message":"La ruta /uploads/avatars/c02b244a-0678-4400-b2ca-25d53c1f80e7.pn/ GET no está implementada"}
{"level":"warn","message":"La ruta /uploads/avatars/c02b244a-0678-4400-b2ca-25d53c1f80e7.pn/ GET no está implementada"}
{"level":"warn","message":"La ruta /uploads/avatars/c02b244a-0678-4400-b2ca-25d53c1f80e7.png/ GET no está implementada"}
{"level":"warn","message":"La ruta /uploads/avatars/c02b244a-0678-4400-b2ca-25d53c1f80e7.png/ GET no está implementada"}
{"level":"warn","message":"La ruta /uploads/avatars/c02b244a-0678-4400-b2ca-25d53c1f80e7.png/ GET no está implementada"}
{"level":"warn","message":"La ruta /uploads/avatars/c02b244a-0678-4400-b2ca-25d53c1f80e7.pn/ GET no está implementada"}
{"level":"warn","message":"La ruta /uploads/avatars/c02b244a-0678-4400-b2ca-25d53c1f80e7.png/ GET no está implementada"}
{"level":"warn","message":"La ruta /uploads/avatars/c02b244a-0678-4400-b2ca-25d53c1f80e7.pn/ GET no está implementada"}
{"level":"warn","message":"La ruta /uploads/avatars/c02b244a-0678-4400-b2ca-25d53c1f80e7.pn/ GET no está implementada"}
{"level":"warn","message":"La ruta /uploads/avatars/c02b244a-0678-4400-b2ca-25d53c1f80e7.png/ GET no está implementada"}
{"level":"warn","message":"La ruta /uploads/avatars/c02b244a-0678-4400-b2ca-25d53c1f80e7.pn/ GET no está implementada"}
{"level":"warn","message":"La ruta /uploads/avatars/c02b244a-0678-4400-b2ca-25d53c1f80e7.png/ GET no está implementada"}
{"level":"warn","message":"La ruta /uploads/avatars/c02b244a-0678-4400-b2ca-25d53c1f80e7.pn/ GET no está implementada"}
{"level":"warn","message":"La ruta /uploads/avatars/c02b244a-0678-4400-b2ca-25d53c1f80e7.png/ GET no está implementada"}
{"level":"warn","message":"La ruta /uploads/avatars/c02b244a-0678-4400-b2ca-25d53c1f80e7.pn/ GET no está implementada"}
{"level":"warn","message":"La ruta /uploads/avatars/c02b244a-0678-4400-b2ca-25d53c1f80e7.png/ GET no está implementada"}
{"level":"warn","message":"La ruta /uploads/avatars/c02b244a-0678-4400-b2ca-25d53c1f80e7.pn/ GET no está implementada"}
{"level":"warn","message":"La ruta /uploads/avatars/c02b244a-0678-4400-b2ca-25d53c1f80e7.png/ GET no está implementada"}
{"level":"warn","message":"La ruta /products GET no está implementada"}
{"level":"warn","message":"La ruta /uploads/avatars/26f4ab0c-6ffe-489b-bf72-d6e9f51258f2.png GET no está implementada"}
{"level":"warn","message":"La ruta /uploads/avatars/26f4ab0c-6ffe-489b-bf72-d6e9f51258f2.png GET no está implementada"}
{"level":"warn","message":"La ruta /uploads/avatars/26f4ab0c-6ffe-489b-bf72-d6e9f51258f2.png GET no está implementada"}
