{"level":"error"}
{"level":"error"}
{"level":"error"}
{"level":"error"}
{"level":"error"}
{"level":"error"}
{"level":"error"}
{"level":"error"}
{"level":"error"}
{"level":"error"}
{"level":"error"}
{"level":"error"}
{"level":"error"}
{"level":"error"}
{"level":"error"}
{"level":"error"}
{"level":"error"}
{"level":"error"}
{"level":"error"}
{"level":"error"}
{"level":"error"}
{"level":"error"}
{"level":"error"}
{"kind":"ObjectId","level":"error","path":"_id","reason":{},"stringValue":"\"mcaamano@deercrypto.com\"","value":"mcaamano@deercrypto.com","valueType":"string"}
{"kind":"ObjectId","level":"error","path":"_id","reason":{},"stringValue":"\"mcaamano@deercrypto.com\"","value":"mcaamano@deercrypto.com","valueType":"string"}
{"kind":"ObjectId","level":"error","path":"_id","reason":{},"stringValue":"\"mcaamano@deercrypto.com\"","value":"mcaamano@deercrypto.com","valueType":"string"}
{"kind":"ObjectId","level":"error","path":"_id","reason":{},"stringValue":"\"mcaamano@deercrypto.com\"","value":"mcaamano@deercrypto.com","valueType":"string"}
{"kind":"ObjectId","level":"error","path":"_id","reason":{},"stringValue":"\"mcaamano@deercrypto.com\"","value":"mcaamano@deercrypto.com","valueType":"string"}
{"kind":"ObjectId","level":"error","path":"_id","reason":{},"stringValue":"\"mcaamano@deercrypto.com\"","value":"mcaamano@deercrypto.com","valueType":"string"}
{"kind":"ObjectId","level":"error","path":"_id","reason":{},"stringValue":"\"mcaamano@deercrypto.com\"","value":"mcaamano@deercrypto.com","valueType":"string"}
{"kind":"ObjectId","level":"error","path":"_id","reason":{},"stringValue":"\"mcaamano@deercrypto.com\"","value":"mcaamano@deercrypto.com","valueType":"string"}
{"kind":"ObjectId","level":"error","path":"_id","reason":{},"stringValue":"\"mcaamano@deercrypto.com\"","value":"mcaamano@deercrypto.com","valueType":"string"}
{"kind":"ObjectId","level":"error","path":"_id","reason":{},"stringValue":"\"mcaamano@deercrypto.com\"","value":"mcaamano@deercrypto.com","valueType":"string"}
{"kind":"ObjectId","level":"error","path":"_id","reason":{},"stringValue":"\"mcaamano@deercrypto.com\"","value":"mcaamano@deercrypto.com","valueType":"string"}
{"kind":"ObjectId","level":"error","path":"_id","reason":{},"stringValue":"\"mcaamano@deercrypto.com\"","value":"mcaamano@deercrypto.com","valueType":"string"}
{"kind":"ObjectId","level":"error","path":"_id","reason":{},"stringValue":"\"mcaamano@deercrypto.com\"","value":"mcaamano@deercrypto.com","valueType":"string"}
{"kind":"ObjectId","level":"error","path":"_id","reason":{},"stringValue":"\"mcaamano@deercrypto.com\"","value":"mcaamano@deercrypto.com","valueType":"string"}
{"kind":"ObjectId","level":"error","path":"_id","reason":{},"stringValue":"\"mcaamano@deercrypto.com\"","value":"mcaamano@deercrypto.com","valueType":"string"}
{"kind":"ObjectId","level":"error","path":"_id","reason":{},"stringValue":"\"mcaamano@deercrypto.com\"","value":"mcaamano@deercrypto.com","valueType":"string"}
{"kind":"ObjectId","level":"error","path":"_id","reason":{},"stringValue":"\"mcaamano@deercrypto.com\"","value":"mcaamano@deercrypto.com","valueType":"string"}
{"level":"error"}
{"level":"error"}
{"level":"error"}
{"level":"error"}
{"level":"error"}
{"level":"error"}
{"level":"error"}
{"level":"error"}
{"level":"error"}
{"level":"error"}
{"level":"error"}
{"level":"error"}
{"level":"error"}
{"level":"error"}
{"level":"error"}
{"level":"error"}
{"level":"error"}
{"level":"error"}
{"level":"error"}
{"level":"error"}
{"level":"error"}
{"level":"error"}
{"level":"error"}
{"level":"error"}
{"level":"error"}
{"level":"error"}
{"level":"error"}
{"level":"error"}
{"level":"error"}
{"level":"error"}
{"level":"error"}
{"level":"error"}
{"level":"error"}
{"level":"error"}
{"level":"error"}
{"level":"error"}
{"level":"error"}
{"level":"error"}
{"level":"error"}
{"level":"error"}
{"level":"error"}
{"level":"error"}
{"level":"error"}
{"level":"error"}
{"level":"error"}
{"level":"error"}
{"level":"error"}
{"level":"error"}
{"level":"error"}
{"level":"error"}
{"level":"error"}
{"level":"error"}
{"level":"error"}
{"level":"error"}
{"level":"error"}
{"code":"ERR_INVALID_CALLBACK","level":"error"}
{"code":"ERR_INVALID_CALLBACK","level":"error"}
{"code":"ERR_INVALID_CALLBACK","level":"error"}
{"code":"ERR_INVALID_CALLBACK","level":"error"}
{"code":"ERR_INVALID_CALLBACK","level":"error"}
{"code":"ERR_INVALID_CALLBACK","level":"error"}
{"code":"ERR_INVALID_CALLBACK","level":"error"}
{"code":"ERR_INVALID_CALLBACK","level":"error"}
{"code":"ERR_INVALID_CALLBACK","level":"error"}
{"code":"ERR_INVALID_CALLBACK","level":"error"}
{"code":"ERR_INVALID_CALLBACK","level":"error"}
{"code":"ERR_INVALID_CALLBACK","level":"error"}
{"level":"error"}
{"level":"error"}
{"level":"error"}
{"level":"error"}
{"level":"error"}
{"level":"error"}
{"level":"error"}
{"level":"error"}
{"level":"error"}
{"level":"error"}
{"level":"error"}
{"level":"error"}
{"level":"error"}
{"level":"error"}
{"level":"error"}
{"level":"error"}
{"level":"error"}
{"level":"error"}
{"level":"error"}
{"level":"error"}
{"level":"error"}
{"level":"error"}
{"level":"error"}
{"level":"error"}
{"level":"error"}
{"level":"error"}
{"level":"error"}
{"level":"error"}
{"level":"error"}
{"level":"error"}
{"level":"error"}
{"level":"error"}
{"level":"error"}
{"level":"error"}
{"level":"error"}
{"level":"error"}
{"level":"error"}
{"level":"error"}
{"level":"error"}
{"level":"error"}
{"level":"error"}
{"level":"error"}
{"level":"error"}
{"level":"error"}
{"level":"error"}
{"level":"error"}
{"level":"error"}
{"level":"error"}
{"level":"error"}
{"level":"error"}
{"level":"error"}
{"level":"error"}
{"level":"error"}
{"level":"error"}
{"level":"error"}
{"level":"error"}
{"level":"error"}
{"level":"error"}
{"level":"error"}
{"level":"error"}
{"level":"error"}
{"code":"ERR_INVALID_CALLBACK","level":"error"}
{"level":"error"}
{"code":"ERR_INVALID_CALLBACK","level":"error"}
{"code":"ERR_INVALID_CALLBACK","level":"error"}
{"code":"ERR_INVALID_CALLBACK","level":"error"}
{"code":"ERR_INVALID_CALLBACK","level":"error"}
{"code":"ERR_INVALID_CALLBACK","level":"error"}
{"code":"ERR_INVALID_CALLBACK","level":"error"}
{"code":"ERR_INVALID_CALLBACK","level":"error"}
{"code":"ERR_INVALID_CALLBACK","level":"error"}
{"code":"ERR_INVALID_CALLBACK","level":"error"}
{"code":"ERR_INVALID_CALLBACK","level":"error"}
{"code":"ERR_INVALID_CALLBACK","level":"error"}
{"level":"error"}
{"code":"ERR_INVALID_CALLBACK","level":"error"}
{"code":"ERR_INVALID_CALLBACK","level":"error"}
{"code":"ERR_INVALID_CALLBACK","level":"error"}
{"code":"ERR_INVALID_CALLBACK","level":"error"}
{"code":"ERR_INVALID_CALLBACK","level":"error"}
{"code":"ERR_INVALID_CALLBACK","level":"error"}
{"code":"ERR_INVALID_CALLBACK","level":"error"}
{"code":"ERR_INVALID_CALLBACK","level":"error"}
{"code":"ERR_INVALID_CALLBACK","level":"error"}
{"level":"error"}
{"code":"ERR_INVALID_CALLBACK","level":"error"}
{"code":"ERR_INVALID_CALLBACK","level":"error"}
{"code":"ERR_INVALID_CALLBACK","level":"error"}
{"code":"ERR_INVALID_CALLBACK","level":"error"}
{"level":"error"}
{"code":"ERR_INVALID_CALLBACK","level":"error"}
{"level":"error"}
{"code":"ERR_INVALID_CALLBACK","level":"error"}
{"level":"error"}
{"code":"ERR_INVALID_CALLBACK","level":"error"}
{"kind":"ObjectId","level":"error","path":"_id","reason":{},"stringValue":"\"undefined\"","value":"undefined","valueType":"string"}
{"code":11000,"index":0,"keyPattern":{"title":1},"keyValue":{"title":"Motherboard Para Mineria Z590 Btc Duo 12 Gpu Placas Pcreg"},"level":"error"}
{"code":11000,"index":0,"keyPattern":{"title":1},"keyValue":{"title":"Motherboard Para Mineria Z590 Btc Duo 12 Gpu Placas Pcreg"},"level":"error"}
{"kind":"ObjectId","level":"error","path":"_id","reason":{},"stringValue":"\"undefined\"","value":"undefined","valueType":"string"}
{"code":11000,"index":0,"keyPattern":{"title":1},"keyValue":{"title":"Motherboard Para Mineria Z590 Btc Duo 12 Gpu Placas Pcreg"},"level":"error"}
{"kind":"ObjectId","level":"error","path":"_id","reason":{},"stringValue":"\"undefined\"","value":"undefined","valueType":"string"}
{"code":11000,"index":0,"keyPattern":{"title":1},"keyValue":{"title":"Motherboard Para Mineria Z590 Btc Duo 12 Gpu Placas Pcreg"},"level":"error"}
{"code":11000,"index":0,"keyPattern":{"title":1},"keyValue":{"title":"Motherboard Para Mineria Z590 Btc Duo 12 Gpu Placas Pcreg"},"level":"error"}
{"code":11000,"index":0,"keyPattern":{"title":1},"keyValue":{"title":"Motherboard Para Mineria Z590 Btc Duo 12 Gpu Placas Pcreg"},"level":"error"}
{"kind":"ObjectId","level":"error","path":"_id","reason":{},"stringValue":"\"undefined\"","value":"undefined","valueType":"string"}
{"code":11000,"index":0,"keyPattern":{"title":1},"keyValue":{"title":"Motherboard Para Mineria Z590 Btc Duo 12 Gpu Placas Pcreg"},"level":"error"}
{"kind":"ObjectId","level":"error","path":"_id","reason":{},"stringValue":"\"undefined\"","value":"undefined","valueType":"string"}
{"code":11000,"index":0,"keyPattern":{"title":1},"keyValue":{"title":"Motherboard Para Mineria Z590 Btc Duo 12 Gpu Placas Pcreg"},"level":"error"}
{"code":11000,"index":0,"keyPattern":{"title":1},"keyValue":{"title":"Motherboard Para Mineria Z590 Btc Duo 12 Gpu Placas Pcreg"},"level":"error"}
{"code":11000,"index":0,"keyPattern":{"title":1},"keyValue":{"title":"Motherboard Para Mineria Z590 Btc Duo 12 Gpu Placas Pcreg"},"level":"error"}
{"code":11000,"index":0,"keyPattern":{"title":1},"keyValue":{"title":"Motherboard Para Mineria Z590 Btc Duo 12 Gpu Placas Pcreg"},"level":"error"}
{"code":11000,"index":0,"keyPattern":{"title":1},"keyValue":{"title":"Motherboard Para Mineria Z590 Btc Duo 12 Gpu Placas Pcreg"},"level":"error"}
{"kind":"ObjectId","level":"error","path":"_id","reason":{},"stringValue":"\"undefined\"","value":"undefined","valueType":"string"}
{"code":11000,"index":0,"keyPattern":{"title":1},"keyValue":{"title":"Motherboard Para Mineria Z590 Btc Duo 12 Gpu Placas Pcreg"},"level":"error"}
{"kind":"ObjectId","level":"error","path":"_id","reason":{},"stringValue":"\"undefined\"","value":"undefined","valueType":"string"}
{"kind":"ObjectId","level":"error","path":"_id","reason":{},"stringValue":"\"undefined\"","value":"undefined","valueType":"string"}
{"code":11000,"index":0,"keyPattern":{"title":1},"keyValue":{"title":"Motherboard Para Mineria Z590 Btc Duo 12 Gpu Placas Pcreg"},"level":"error"}
{"kind":"ObjectId","level":"error","path":"_id","reason":{},"stringValue":"\"undefined\"","value":"undefined","valueType":"string"}
{"code":11000,"index":0,"keyPattern":{"title":1},"keyValue":{"title":"Motherboard Para Mineria Z590 Btc Duo 12 Gpu Placas Pcreg"},"level":"error"}
{"kind":"ObjectId","level":"error","path":"_id","reason":{},"stringValue":"\"undefined\"","value":"undefined","valueType":"string"}
{"code":11000,"index":0,"keyPattern":{"title":1},"keyValue":{"title":"Motherboard Para Mineria Z590 Btc Duo 12 Gpu Placas Pcreg"},"level":"error"}
{"kind":"ObjectId","level":"error","path":"_id","reason":{},"stringValue":"\"undefined\"","value":"undefined","valueType":"string"}
{"code":11000,"index":0,"keyPattern":{"title":1},"keyValue":{"title":"Motherboard Para Mineria Z590 Btc Duo 12 Gpu Placas Pcreg"},"level":"error"}
{"kind":"ObjectId","level":"error","path":"_id","reason":{},"stringValue":"\"undefined\"","value":"undefined","valueType":"string"}
{"code":11000,"index":0,"keyPattern":{"title":1},"keyValue":{"title":"Motherboard Para Mineria Z590 Btc Duo 12 Gpu Placas Pcreg"},"level":"error"}
{"kind":"ObjectId","level":"error","path":"_id","reason":{},"stringValue":"\"undefined\"","value":"undefined","valueType":"string"}
{"code":11000,"index":0,"keyPattern":{"title":1},"keyValue":{"title":"Motherboard Para Mineria Z590 Btc Duo 12 Gpu Placas Pcreg"},"level":"error"}
{"kind":"ObjectId","level":"error","path":"_id","reason":{},"stringValue":"\"undefined\"","value":"undefined","valueType":"string"}
{"kind":"ObjectId","level":"error","path":"_id","reason":{},"stringValue":"\"undefined\"","value":"undefined","valueType":"string"}
{"code":11000,"index":0,"keyPattern":{"title":1},"keyValue":{"title":"Motherboard Para Mineria Z590 Btc Duo 12 Gpu Placas Pcreg"},"level":"error"}
{"kind":"ObjectId","level":"error","path":"_id","reason":{},"stringValue":"\"undefined\"","value":"undefined","valueType":"string"}
{"code":11000,"index":0,"keyPattern":{"title":1},"keyValue":{"title":"Motherboard Para Mineria Z590 Btc Duo 12 Gpu Placas Pcreg"},"level":"error"}
{"kind":"ObjectId","level":"error","path":"_id","reason":{},"stringValue":"\"undefined\"","value":"undefined","valueType":"string"}
{"kind":"ObjectId","level":"error","path":"_id","reason":{},"stringValue":"\"undefined\"","value":"undefined","valueType":"string"}
{"code":11000,"index":0,"keyPattern":{"title":1},"keyValue":{"title":"Motherboard Para Mineria Z590 Btc Duo 12 Gpu Placas Pcreg"},"level":"error"}
{"kind":"ObjectId","level":"error","path":"_id","reason":{},"stringValue":"\"undefined\"","value":"undefined","valueType":"string"}
{"kind":"ObjectId","level":"error","path":"_id","reason":{},"stringValue":"\"undefined\"","value":"undefined","valueType":"string"}
{"kind":"ObjectId","level":"error","path":"_id","reason":{},"stringValue":"\"undefined\"","value":"undefined","valueType":"string"}
{"code":11000,"index":0,"keyPattern":{"title":1},"keyValue":{"title":"Motherboard Para Mineria Z590 Btc Duo 12 Gpu Placas Pcreg"},"level":"error"}
{"code":11000,"index":0,"keyPattern":{"title":1},"keyValue":{"title":"Motherboard Para Mineria Z590 Btc Duo 12 Gpu Placas Pcreg"},"level":"error"}
{"code":11000,"index":0,"keyPattern":{"title":1},"keyValue":{"title":"Motherboard Para Mineria Z590 Btc Duo 12 Gpu Placas Pcreg"},"level":"error"}
{"code":11000,"index":0,"keyPattern":{"title":1},"keyValue":{"title":"Motherboard Para Mineria Z590 Btc Duo 12 Gpu Placas Pcreg"},"level":"error"}
{"code":11000,"index":0,"keyPattern":{"title":1},"keyValue":{"title":"Motherboard Para Mineria Z590 Btc Duo 12 Gpu Placas Pcreg"},"level":"error"}
{"code":11000,"index":0,"keyPattern":{"title":1},"keyValue":{"title":"Placa de video AMD ASRock Challenger Radeon RX 6700 Series RX 6700 XT RX6700XT CLD 12GO OC Edition 12GB"},"level":"error"}
{"code":11000,"index":0,"keyPattern":{"title":1},"keyValue":{"title":"sss"},"level":"error"}
{"code":11000,"index":0,"keyPattern":{"title":1},"keyValue":{"title":"Producto Nuevo"},"level":"error"}
{"code":11000,"index":0,"keyPattern":{"title":1},"keyValue":{"title":"Producto Nuevo"},"level":"error"}
{"code":11000,"index":0,"keyPattern":{"title":1},"keyValue":{"title":"Producto Nuevo"},"level":"error"}
{"code":11000,"index":0,"keyPattern":{"title":1},"keyValue":{"title":"Producto Nuevo"},"level":"error"}
{"code":11000,"index":0,"keyPattern":{"title":1},"keyValue":{"title":"Producto Nuevo"},"level":"error"}
{"code":11000,"index":0,"keyPattern":{"title":1},"keyValue":{"title":"Producto Nuevo"},"level":"error"}
{"kind":"ObjectId","level":"error","path":"_id","reason":{},"stringValue":"\"+productId\"","value":"+productId","valueType":"string"}
{"code":11000,"index":0,"keyPattern":{"title":1},"keyValue":{"title":"Producto Nuevo Borrar"},"level":"error"}
{"kind":"ObjectId","level":"error","path":"_id","reason":{},"stringValue":"\"5236930402340230sdfsd23\"","value":"5236930402340230sdfsd23","valueType":"string"}
{"code":11000,"index":0,"keyPattern":{"title":1},"keyValue":{"title":"Producto Nuevo Borrar"},"level":"error"}
{"code":11000,"index":0,"keyPattern":{"title":1},"keyValue":{"title":"Producto Nuevsssso Borrar"},"level":"error"}
{"kind":"ObjectId","level":"error","path":"_id","reason":{},"stringValue":"\"undefined\"","value":"undefined","valueType":"string"}
{"kind":"ObjectId","level":"error","path":"_id","reason":{},"stringValue":"\"undefined\"","value":"undefined","valueType":"string"}
{"kind":"ObjectId","level":"error","path":"_id","reason":{},"stringValue":"\"undefined\"","value":"undefined","valueType":"string"}
{"_message":"Cart validation failed","errors":{"address":{"kind":"required","message":"Path `address` is required.","name":"ValidatorError","path":"address","properties":{"message":"Path `address` is required.","path":"address","type":"required"}},"email":{"kind":"required","message":"Path `email` is required.","name":"ValidatorError","path":"email","properties":{"message":"Path `email` is required.","path":"email","type":"required"}}},"level":"error"}
{"_message":"Cart validation failed","errors":{"address":{"kind":"required","message":"Path `address` is required.","name":"ValidatorError","path":"address","properties":{"message":"Path `address` is required.","path":"address","type":"required"}},"email":{"kind":"required","message":"Path `email` is required.","name":"ValidatorError","path":"email","properties":{"message":"Path `email` is required.","path":"email","type":"required"}}},"level":"error"}
{"_message":"Cart validation failed","errors":{"address":{"kind":"required","message":"Path `address` is required.","name":"ValidatorError","path":"address","properties":{"message":"Path `address` is required.","path":"address","type":"required"}},"email":{"kind":"required","message":"Path `email` is required.","name":"ValidatorError","path":"email","properties":{"message":"Path `email` is required.","path":"email","type":"required"}}},"level":"error"}
{"_message":"Cart validation failed","errors":{"email":{"kind":"required","message":"Path `email` is required.","name":"ValidatorError","path":"email","properties":{"message":"Path `email` is required.","path":"email","type":"required"}}},"level":"error"}
{"_message":"Cart validation failed","errors":{"email":{"kind":"required","message":"Path `email` is required.","name":"ValidatorError","path":"email","properties":{"message":"Path `email` is required.","path":"email","type":"required"}}},"level":"error"}
{"_message":"Cart validation failed","errors":{"email":{"kind":"required","message":"Path `email` is required.","name":"ValidatorError","path":"email","properties":{"message":"Path `email` is required.","path":"email","type":"required"}}},"level":"error"}
